<?xml version="1.0" encoding="UTF-8"?>
<!-- Generated by org.testng.reporters.JUnitReportReporter -->
<testsuite hostname="TYSS-Chaithra" failures="0" tests="1" name="practice.Practice" time="0.008" errors="0" timestamp="2023-03-21T13:16:46 IST" skipped="0">
  <testcase classname="practice.Practice" name="sample" time="0.008"/>
  <system-out/>
</testsuite> <!-- practice.Practice -->
