<?xml version="1.0" encoding="UTF-8"?>
<!-- Generated by org.testng.reporters.JUnitReportReporter -->
<testsuite hostname="TYSS-Chaithra" failures="0" tests="1" name="practice.Demo" time="0.007" errors="0" timestamp="2023-03-24T12:38:10 IST" skipped="0">
  <testcase classname="practice.Demo" name="demo" time="0.007"/>
  <system-out/>
</testsuite> <!-- practice.Demo -->
