<?xml version="1.0" encoding="UTF-8"?>
<!-- Generated by org.testng.reporters.JUnitReportReporter -->
<testsuite hostname="TYSS-Chaithra" failures="0" tests="1" name="practice.Practice" time="0.006" errors="0" timestamp="2023-03-24T12:43:32 IST" skipped="0">
  <testcase classname="practice.Practice" name="sample" time="0.006"/>
  <system-out/>
</testsuite> <!-- practice.Practice -->
